[2018-05-28T13:37:41.185] [INFO] access - [::1 GET / 200 42ms][ HTTP/1.1 Mozilla/5.0 (Windows NT 6.1; WOW64) AppleWebKit/537.36 (KHTML, like Gecko) Chrome/64.0.3282.186 Safari/537.36]
[2018-05-28T13:37:41.342] [INFO] access - [::1 GET /favicon.ico 500 16ms][http://localhost:8080/ HTTP/1.1 Mozilla/5.0 (Windows NT 6.1; WOW64) AppleWebKit/537.36 (KHTML, like Gecko) Chrome/64.0.3282.186 Safari/537.36]
[2018-05-28T13:37:54.080] [INFO] access - [::1 GET /redis 200 11ms][ HTTP/1.1 Mozilla/5.0 (Windows NT 6.1; WOW64) AppleWebKit/537.36 (KHTML, like Gecko) Chrome/64.0.3282.186 Safari/537.36]
[2018-05-28T13:37:54.099] [INFO] access - [::1 GET /favicon.ico 500 2ms][http://localhost:8080/redis HTTP/1.1 Mozilla/5.0 (Windows NT 6.1; WOW64) AppleWebKit/537.36 (KHTML, like Gecko) Chrome/64.0.3282.186 Safari/537.36]
[2018-05-28T13:41:07.734] [INFO] access - [::1 GET /redis 304 3ms][ HTTP/1.1 Mozilla/5.0 (Windows NT 6.1; WOW64) AppleWebKit/537.36 (KHTML, like Gecko) Chrome/64.0.3282.186 Safari/537.36]
[2018-05-28T13:41:07.765] [INFO] access - [::1 GET /favicon.ico 200 5ms][http://localhost:8080/redis HTTP/1.1 Mozilla/5.0 (Windows NT 6.1; WOW64) AppleWebKit/537.36 (KHTML, like Gecko) Chrome/64.0.3282.186 Safari/537.36]
[2018-05-28T13:41:44.470] [INFO] access - [::1 GET /redis 304 12ms][ HTTP/1.1 Mozilla/5.0 (Windows NT 6.1; WOW64) AppleWebKit/537.36 (KHTML, like Gecko) Chrome/64.0.3282.186 Safari/537.36]
[2018-05-28T13:41:44.496] [INFO] access - [::1 GET /favicon.ico 200 11ms][http://localhost:8080/redis HTTP/1.1 Mozilla/5.0 (Windows NT 6.1; WOW64) AppleWebKit/537.36 (KHTML, like Gecko) Chrome/64.0.3282.186 Safari/537.36]
[2018-05-28T14:39:53.242] [INFO] access - [::1 GET /device/1 200 16ms][ HTTP/1.1 Mozilla/5.0 (Windows NT 6.1; WOW64) AppleWebKit/537.36 (KHTML, like Gecko) Chrome/64.0.3282.186 Safari/537.36]
[2018-05-28T14:40:38.801] [INFO] access - [::1 GET /device/1 304 15ms][ HTTP/1.1 Mozilla/5.0 (Windows NT 6.1; WOW64) AppleWebKit/537.36 (KHTML, like Gecko) Chrome/64.0.3282.186 Safari/537.36]
[2018-05-28T14:40:38.817] [INFO] access - [::1 GET /favicon.ico 200 5ms][http://localhost:8080/device/1 HTTP/1.1 Mozilla/5.0 (Windows NT 6.1; WOW64) AppleWebKit/537.36 (KHTML, like Gecko) Chrome/64.0.3282.186 Safari/537.36]
[2018-05-28T14:41:29.108] [INFO] access - [::1 GET /device/1 304 11ms][ HTTP/1.1 Mozilla/5.0 (Windows NT 6.1; WOW64) AppleWebKit/537.36 (KHTML, like Gecko) Chrome/64.0.3282.186 Safari/537.36]
[2018-05-28T14:41:29.127] [INFO] access - [::1 GET /favicon.ico 200 5ms][http://localhost:8080/device/1 HTTP/1.1 Mozilla/5.0 (Windows NT 6.1; WOW64) AppleWebKit/537.36 (KHTML, like Gecko) Chrome/64.0.3282.186 Safari/537.36]
[2018-05-28T14:42:06.033] [INFO] access - [::1 GET /device/1 304 3ms][ HTTP/1.1 Mozilla/5.0 (Windows NT 6.1; WOW64) AppleWebKit/537.36 (KHTML, like Gecko) Chrome/64.0.3282.186 Safari/537.36]
[2018-05-28T14:42:06.058] [INFO] access - [::1 GET /favicon.ico 200 3ms][http://localhost:8080/device/1 HTTP/1.1 Mozilla/5.0 (Windows NT 6.1; WOW64) AppleWebKit/537.36 (KHTML, like Gecko) Chrome/64.0.3282.186 Safari/537.36]
[2018-05-28T14:42:15.323] [INFO] access - [::1 GET /device/1 304 8ms][ HTTP/1.1 Mozilla/5.0 (Windows NT 6.1; WOW64) AppleWebKit/537.36 (KHTML, like Gecko) Chrome/64.0.3282.186 Safari/537.36]
[2018-05-28T14:42:15.343] [INFO] access - [::1 GET /favicon.ico 200 7ms][http://localhost:8080/device/1 HTTP/1.1 Mozilla/5.0 (Windows NT 6.1; WOW64) AppleWebKit/537.36 (KHTML, like Gecko) Chrome/64.0.3282.186 Safari/537.36]
[2018-05-28T14:42:52.251] [INFO] access - [::1 GET /device/1 304 10ms][ HTTP/1.1 Mozilla/5.0 (Windows NT 6.1; WOW64) AppleWebKit/537.36 (KHTML, like Gecko) Chrome/64.0.3282.186 Safari/537.36]
[2018-05-28T14:42:52.272] [INFO] access - [::1 GET /favicon.ico 200 7ms][http://localhost:8080/device/1 HTTP/1.1 Mozilla/5.0 (Windows NT 6.1; WOW64) AppleWebKit/537.36 (KHTML, like Gecko) Chrome/64.0.3282.186 Safari/537.36]
[2018-05-28T15:02:34.733] [INFO] access - [::1 GET /device/1 304 26ms][ HTTP/1.1 Mozilla/5.0 (Windows NT 6.1; WOW64) AppleWebKit/537.36 (KHTML, like Gecko) Chrome/64.0.3282.186 Safari/537.36]
[2018-05-28T15:02:34.751] [INFO] access - [::1 GET /favicon.ico 200 7ms][http://localhost:8080/device/1 HTTP/1.1 Mozilla/5.0 (Windows NT 6.1; WOW64) AppleWebKit/537.36 (KHTML, like Gecko) Chrome/64.0.3282.186 Safari/537.36]
[2018-05-28T15:44:22.911] [INFO] access - [::1 GET /device/1 304 9ms][ HTTP/1.1 Mozilla/5.0 (Windows NT 6.1; WOW64) AppleWebKit/537.36 (KHTML, like Gecko) Chrome/64.0.3282.186 Safari/537.36]
[2018-05-28T15:44:22.926] [INFO] access - [::1 GET /favicon.ico 200 6ms][http://localhost:8080/device/1 HTTP/1.1 Mozilla/5.0 (Windows NT 6.1; WOW64) AppleWebKit/537.36 (KHTML, like Gecko) Chrome/64.0.3282.186 Safari/537.36]
[2018-05-28T15:45:03.228] [INFO] access - [::1 GET /device/1 304 12ms][ HTTP/1.1 Mozilla/5.0 (Windows NT 6.1; WOW64) AppleWebKit/537.36 (KHTML, like Gecko) Chrome/64.0.3282.186 Safari/537.36]
[2018-05-28T15:45:03.246] [INFO] access - [::1 GET /favicon.ico 200 5ms][http://localhost:8080/device/1 HTTP/1.1 Mozilla/5.0 (Windows NT 6.1; WOW64) AppleWebKit/537.36 (KHTML, like Gecko) Chrome/64.0.3282.186 Safari/537.36]
[2018-05-28T15:45:28.974] [INFO] access - [::1 GET /device/1 304 14ms][ HTTP/1.1 Mozilla/5.0 (Windows NT 6.1; WOW64) AppleWebKit/537.36 (KHTML, like Gecko) Chrome/64.0.3282.186 Safari/537.36]
[2018-05-28T15:45:28.993] [INFO] access - [::1 GET /favicon.ico 200 7ms][http://localhost:8080/device/1 HTTP/1.1 Mozilla/5.0 (Windows NT 6.1; WOW64) AppleWebKit/537.36 (KHTML, like Gecko) Chrome/64.0.3282.186 Safari/537.36]
[2018-05-28T15:47:05.538] [INFO] access - [::1 GET /device/2 200 4ms][ HTTP/1.1 Mozilla/5.0 (Windows NT 6.1; WOW64) AppleWebKit/537.36 (KHTML, like Gecko) Chrome/64.0.3282.186 Safari/537.36]
[2018-05-28T15:52:51.405] [INFO] access - [::1 GET /device/2 304 4ms][ HTTP/1.1 Mozilla/5.0 (Windows NT 6.1; WOW64) AppleWebKit/537.36 (KHTML, like Gecko) Chrome/64.0.3282.186 Safari/537.36]
[2018-05-28T15:52:51.427] [INFO] access - [::1 GET /favicon.ico 200 4ms][http://localhost:8080/device/2 HTTP/1.1 Mozilla/5.0 (Windows NT 6.1; WOW64) AppleWebKit/537.36 (KHTML, like Gecko) Chrome/64.0.3282.186 Safari/537.36]
[2018-05-28T16:00:22.020] [INFO] access - [::1 GET /device/2 304 13ms][ HTTP/1.1 Mozilla/5.0 (Windows NT 6.1; WOW64) AppleWebKit/537.36 (KHTML, like Gecko) Chrome/64.0.3282.186 Safari/537.36]
[2018-05-28T16:00:22.041] [INFO] access - [::1 GET /favicon.ico 200 6ms][http://localhost:8080/device/2 HTTP/1.1 Mozilla/5.0 (Windows NT 6.1; WOW64) AppleWebKit/537.36 (KHTML, like Gecko) Chrome/64.0.3282.186 Safari/537.36]
[2018-05-28T16:01:03.017] [INFO] access - [::1 GET /device/2 304 10ms][ HTTP/1.1 Mozilla/5.0 (Windows NT 6.1; WOW64) AppleWebKit/537.36 (KHTML, like Gecko) Chrome/64.0.3282.186 Safari/537.36]
[2018-05-28T16:01:03.029] [INFO] access - [::1 GET /favicon.ico 200 4ms][http://localhost:8080/device/2 HTTP/1.1 Mozilla/5.0 (Windows NT 6.1; WOW64) AppleWebKit/537.36 (KHTML, like Gecko) Chrome/64.0.3282.186 Safari/537.36]
[2018-05-28T16:01:10.301] [INFO] access - [::1 GET /device/2 304 4ms][ HTTP/1.1 Mozilla/5.0 (Windows NT 6.1; WOW64) AppleWebKit/537.36 (KHTML, like Gecko) Chrome/64.0.3282.186 Safari/537.36]
[2018-05-28T16:01:10.320] [INFO] access - [::1 GET /favicon.ico 200 3ms][http://localhost:8080/device/2 HTTP/1.1 Mozilla/5.0 (Windows NT 6.1; WOW64) AppleWebKit/537.36 (KHTML, like Gecko) Chrome/64.0.3282.186 Safari/537.36]
[2018-05-28T16:01:17.939] [INFO] access - [::1 GET /device/3 200 4ms][ HTTP/1.1 Mozilla/5.0 (Windows NT 6.1; WOW64) AppleWebKit/537.36 (KHTML, like Gecko) Chrome/64.0.3282.186 Safari/537.36]
